<?xml version="1.0" encoding="UTF-8"?>
<testsuite xmlns:xsi="http://www.w3.org/2001/XMLSchema-instance" xsi:noNamespaceSchemaLocation="https://maven.apache.org/surefire/maven-surefire-plugin/xsd/surefire-test-report-3.0.xsd" version="3.0" name="com.mensal3.mensal3.controllersTest.UsuarioControllerTests" time="12.873" tests="2" errors="0" skipped="0" failures="1">
  <properties>
[...]
</properties>
  <testcase name="listarUsuariosByIdTest" classname="com.mensal3.mensal3.controllersTest.UsuarioControllerTests" time="0.106">
    <failure message="expected: &lt;Teste&gt; but was: &lt;Brabo&gt;" type="org.opentest4j.AssertionFailedError"><![CDATA[org.opentest4j.AssertionFailedError: expected: <Teste> but was: <Brabo>
	at org.junit.jupiter.api.AssertionFailureBuilder.build(AssertionFailureBuilder.java:151)
	at org.junit.jupiter.api.AssertionFailureBuilder.buildAndThrow(AssertionFailureBuilder.java:132)
	at org.junit.jupiter.api.AssertEquals.failNotEqual(AssertEquals.java:197)
	at org.junit.jupiter.api.AssertEquals.assertEquals(AssertEquals.java:182)
	at org.junit.jupiter.api.AssertEquals.assertEquals(AssertEquals.java:177)
	at org.junit.jupiter.api.Assertions.assertEquals(Assertions.java:1145)
	at com.mensal3.mensal3.controllersTest.UsuarioControllerTests.listarUsuariosByIdTest(UsuarioControllerTests.java:64)
	at java.base/java.lang.reflect.Method.invoke(Method.java:568)
	at java.base/java.util.ArrayList.forEach(ArrayList.java:1511)
	at java.base/java.util.ArrayList.forEach(ArrayList.java:1511)
]]></failure>
    <system-out><![CDATA[16:32:39.268 [main] INFO org.springframework.test.context.support.AnnotationConfigContextLoaderUtils -- Could not detect default configuration classes for test class [com.mensal3.mensal3.controllersTest.UsuarioControllerTests]: UsuarioControllerTests does not declare any static, non-private, non-final, nested classes annotated with @Configuration.
16:32:39.535 [main] INFO org.springframework.boot.test.context.SpringBootTestContextBootstrapper -- Found @SpringBootConfiguration com.mensal3.mensal3.Mensal3Application for test class com.mensal3.mensal3.controllersTest.UsuarioControllerTests

  .   ____          _            __ _ _
 /\\ / ___'_ __ _ _(_)_ __  __ _ \ \ \ \
( ( )\___ | '_ | '_| | '_ \/ _` | \ \ \ \
 \\/  ___)| |_)| | | | | || (_| |  ) ) ) )
  '  |____| .__|_| |_|_| |_\__, | / / / /
 =========|_|==============|___/=/_/_/_/

 :: Spring Boot ::                (v3.3.3)

2024-09-17T16:32:40.410-03:00  INFO 1060 --- [mensal3] [           main] c.m.m.c.UsuarioControllerTests           : Starting UsuarioControllerTests using Java 17.0.10 with PID 1060 (started by Eduardo in C:\Users\Eduardo\angular-estudos2\projeto_mensal\mensal3)
2024-09-17T16:32:40.412-03:00  INFO 1060 --- [mensal3] [           main] c.m.m.c.UsuarioControllerTests           : No active profile set, falling back to 1 default profile: "default"
2024-09-17T16:32:41.658-03:00  INFO 1060 --- [mensal3] [           main] .s.d.r.c.RepositoryConfigurationDelegate : Bootstrapping Spring Data JPA repositories in DEFAULT mode.
2024-09-17T16:32:41.770-03:00  INFO 1060 --- [mensal3] [           main] .s.d.r.c.RepositoryConfigurationDelegate : Finished Spring Data repository scanning in 95 ms. Found 4 JPA repository interfaces.
2024-09-17T16:32:45.303-03:00  INFO 1060 --- [mensal3] [           main] o.hibernate.jpa.internal.util.LogHelper  : HHH000204: Processing PersistenceUnitInfo [name: default]
2024-09-17T16:32:45.599-03:00  INFO 1060 --- [mensal3] [           main] org.hibernate.Version                    : HHH000412: Hibernate ORM core version 6.5.2.Final
2024-09-17T16:32:45.742-03:00  INFO 1060 --- [mensal3] [           main] o.h.c.internal.RegionFactoryInitiator    : HHH000026: Second-level cache disabled
2024-09-17T16:32:46.483-03:00  INFO 1060 --- [mensal3] [           main] o.s.o.j.p.SpringPersistenceUnitInfo      : No LoadTimeWeaver setup: ignoring JPA class transformer
2024-09-17T16:32:46.617-03:00  INFO 1060 --- [mensal3] [           main] com.zaxxer.hikari.HikariDataSource       : HikariPool-1 - Starting...
2024-09-17T16:32:47.366-03:00  INFO 1060 --- [mensal3] [           main] com.zaxxer.hikari.pool.HikariPool        : HikariPool-1 - Added connection com.mysql.cj.jdbc.ConnectionImpl@5748ffe3
2024-09-17T16:32:47.372-03:00  INFO 1060 --- [mensal3] [           main] com.zaxxer.hikari.HikariDataSource       : HikariPool-1 - Start completed.
2024-09-17T16:32:49.899-03:00  INFO 1060 --- [mensal3] [           main] o.h.e.t.j.p.i.JtaPlatformInitiator       : HHH000489: No JTA platform available (set 'hibernate.transaction.jta.platform' to enable JTA platform integration)
2024-09-17T16:32:50.064-03:00  INFO 1060 --- [mensal3] [           main] j.LocalContainerEntityManagerFactoryBean : Initialized JPA EntityManagerFactory for persistence unit 'default'
2024-09-17T16:32:50.821-03:00  WARN 1060 --- [mensal3] [           main] JpaBaseConfiguration$JpaWebConfiguration : spring.jpa.open-in-view is enabled by default. Therefore, database queries may be performed during view rendering. Explicitly configure spring.jpa.open-in-view to disable this warning
2024-09-17T16:32:51.562-03:00  INFO 1060 --- [mensal3] [           main] c.m.m.c.UsuarioControllerTests           : Started UsuarioControllerTests in 11.656 seconds (process running for 13.908)
]]></system-out>
  </testcase>
  <testcase name="listarUsuariosTest" classname="com.mensal3.mensal3.controllersTest.UsuarioControllerTests" time="0.006"/>
</testsuite>