<?xml version="1.0" encoding="UTF-8"?>
<testsuite xmlns:xsi="http://www.w3.org/2001/XMLSchema-instance" xsi:noNamespaceSchemaLocation="https://maven.apache.org/surefire/maven-surefire-plugin/xsd/surefire-test-report-3.0.xsd" version="3.0" name="com.mensal3.mensal3.servicesTest.UsuarioServiceTest" time="0.064" tests="6" errors="0" skipped="0" failures="0">
  <properties>
[...]
</properties>
  <testcase name="buscarUsuarioByIdTestErro" classname="com.mensal3.mensal3.servicesTest.UsuarioServiceTest" time="0.005">
    <system-out><![CDATA[2025-05-18T11:40:50.477-03:00  INFO 18900 --- [mensal3] [           main] t.c.s.AnnotationConfigContextLoaderUtils : Could not detect default configuration classes for test class [com.mensal3.mensal3.servicesTest.UsuarioServiceTest]: UsuarioServiceTest does not declare any static, non-private, non-final, nested classes annotated with @Configuration.
2025-05-18T11:40:50.479-03:00  INFO 18900 --- [mensal3] [           main] .b.t.c.SpringBootTestContextBootstrapper : Found @SpringBootConfiguration com.mensal3.mensal3.Mensal3Application for test class com.mensal3.mensal3.servicesTest.UsuarioServiceTest
]]></system-out>
  </testcase>
  <testcase name="listarUsuariosTest" classname="com.mensal3.mensal3.servicesTest.UsuarioServiceTest" time="0.003"/>
  <testcase name="deleteUsuarioTest" classname="com.mensal3.mensal3.servicesTest.UsuarioServiceTest" time="0.006"/>
  <testcase name="deletarUsuarioTestErro" classname="com.mensal3.mensal3.servicesTest.UsuarioServiceTest" time="0.004"/>
  <testcase name="buscarUsuarioByIdTest" classname="com.mensal3.mensal3.servicesTest.UsuarioServiceTest" time="0.002"/>
  <testcase name="registrarUsuarioTest" classname="com.mensal3.mensal3.servicesTest.UsuarioServiceTest" time="0.027"/>
</testsuite>